<?xml version="1.0" encoding="UTF-8"?>
<!-- Generated by org.testng.reporters.JUnitReportReporter -->
<testsuite skipped="0" hostname="DESKTOP-3HHPP24" name="testNG.NewTest" tests="4" failures="0" timestamp="2022-06-07T20:14:22 IST" time="0.023" errors="0">
  <testcase name="logout" time="0.003" classname="testNG.NewTest"/>
  <system-out/>
  <testcase name="login" time="0.005" classname="testNG.NewTest"/>
  <system-out/>
  <testcase name="advancedsearch" time="0.014" classname="testNG.NewTest"/>
  <system-out/>
  <testcase name="search" time="0.001" classname="testNG.NewTest"/>
  <system-out/>
</testsuite> <!-- testNG.NewTest -->
