<?xml version="1.0" encoding="UTF-8"?>
<!-- Generated by org.testng.reporters.JUnitReportReporter -->
<testsuite skipped="0" hostname="DESKTOP-3HHPP24" name="parallel_execution.Parallel_test_execution_method2" tests="2" failures="0" timestamp="2022-04-17T21:16:16 IST" time="0.032" errors="0">
  <testcase name="testcase5" time="0.008" classname="parallel_execution.Parallel_test_execution_method2"/>
  <system-out/>
  <testcase name="testcase6" time="0.024" classname="parallel_execution.Parallel_test_execution_method2"/>
  <system-out/>
</testsuite> <!-- parallel_execution.Parallel_test_execution_method2 -->
