<?xml version="1.0" encoding="UTF-8"?>
<!-- Generated by org.testng.reporters.JUnitReportReporter -->
<testsuite skipped="0" hostname="DESKTOP-3HHPP24" name="testNG.Demo" tests="1" failures="0" timestamp="2022-06-07T20:15:57 IST" time="0.026" errors="0">
  <testcase name="abcd" time="0.026" classname="testNG.Demo"/>
  <system-out/>
</testsuite> <!-- testNG.Demo -->
