<?xml version="1.0" encoding="UTF-8"?>
<!-- Generated by org.testng.reporters.JUnitReportReporter -->
<testsuite skipped="0" hostname="DESKTOP-3HHPP24" name="testNG.GroupingDemo" tests="7" failures="0" timestamp="2022-02-07T18:35:18 IST" time="0.045" errors="0">
  <testcase name="login" time="0.029" classname="testNG.GroupingDemo"/>
  <system-out/>
  <testcase name="addvendor" time="0.000" classname="testNG.GroupingDemo"/>
  <system-out/>
  <testcase name="advancesearch" time="0.016" classname="testNG.GroupingDemo"/>
  <system-out/>
  <testcase name="search" time="0.000" classname="testNG.GroupingDemo"/>
  <system-out/>
  <testcase name="prepaidrecharge" time="0.000" classname="testNG.GroupingDemo"/>
  <system-out/>
  <testcase name="billpayments" time="0.000" classname="testNG.GroupingDemo"/>
  <system-out/>
  <testcase name="logout" time="0.000" classname="testNG.GroupingDemo"/>
  <system-out/>
</testsuite> <!-- testNG.GroupingDemo -->
