<?xml version="1.0" encoding="UTF-8"?>
<!-- Generated by org.testng.reporters.JUnitReportReporter -->
<testsuite skipped="0" hostname="DESKTOP-3HHPP24" name="parallel_execution.Parallel_test_execution_methods" tests="4" failures="0" timestamp="2022-04-17T21:16:16 IST" time="0.025" errors="0">
  <testcase name="testcase4" time="0.005" classname="parallel_execution.Parallel_test_execution_methods"/>
  <system-out/>
  <testcase name="testcase2" time="0.002" classname="parallel_execution.Parallel_test_execution_methods"/>
  <system-out/>
  <testcase name="testcase1" time="0.015" classname="parallel_execution.Parallel_test_execution_methods"/>
  <system-out/>
  <testcase name="testcase3" time="0.003" classname="parallel_execution.Parallel_test_execution_methods"/>
  <system-out/>
</testsuite> <!-- parallel_execution.Parallel_test_execution_methods -->
